\BOOKMARK [0][-]{section*.1}{\376\377\000R\000e\000s\000u\000m}{}% 1
\BOOKMARK [0][-]{section*.2}{\376\377\000R\000e\000s\000u\000m\000e\000n}{}% 2
\BOOKMARK [0][-]{section*.3}{\376\377\000A\000b\000s\000t\000r\000a\000c\000t}{}% 3
\BOOKMARK [0][-]{chapter.5}{\376\377\000I\000n\000t\000r\000o\000d\000u\000c\000c\000i\000\363\000\040\000i\000\040\000e\000s\000t\000a\000t\000\040\000d\000e\000\040\000l\000'\000a\000r\000t}{}% 4
\BOOKMARK [1][-]{section.6}{\376\377\000F\000o\000r\000m\000u\000l\000a\000c\000i\000\363\000\040\000d\000e\000l\000\040\000p\000r\000o\000b\000l\000e\000m\000a}{chapter.5}% 5
\BOOKMARK [1][-]{section.7}{\376\377\000P\000a\000r\000t\000s\000\040\000i\000n\000t\000e\000r\000e\000s\000s\000a\000d\000e\000s}{chapter.5}% 6
\BOOKMARK [1][-]{section.8}{\376\377\000E\000s\000t\000u\000d\000i\000\040\000d\000e\000\040\000m\000e\000r\000c\000a\000t}{chapter.5}% 7
\BOOKMARK [1][-]{section.20}{\376\377\000C\000o\000n\000c\000l\000u\000s\000i\000o\000n\000s}{chapter.5}% 8
\BOOKMARK [0][-]{chapter.21}{\376\377\000A\000b\000a\000s\000t\000\040\000d\000e\000l\000\040\000p\000r\000o\000j\000e\000c\000t\000e}{}% 9
\BOOKMARK [1][-]{section.22}{\376\377\000O\000b\000s\000t\000a\000c\000l\000e\000s\000\040\000i\000\040\000r\000i\000s\000c\000s}{chapter.21}% 10
\BOOKMARK [1][-]{section.23}{\376\377\000M\000e\000t\000o\000d\000o\000l\000o\000g\000i\000a}{chapter.21}% 11
\BOOKMARK [1][-]{section.25}{\376\377\000E\000i\000n\000e\000s\000\040\000d\000e\000\040\000s\000e\000g\000u\000i\000m\000e\000n\000t}{chapter.21}% 12
\BOOKMARK [1][-]{section.27}{\376\377\000A\000d\000e\000q\000u\000a\000c\000i\000\363\000\040\000a\000\040\000E\000n\000g\000i\000n\000y\000e\000r\000i\000a\000\040\000d\000e\000l\000\040\000S\000o\000f\000t\000w\000a\000r\000e}{chapter.21}% 13
\BOOKMARK [2][-]{subsection.28}{\376\377\000C\000o\000m\000p\000e\000t\000\350\000n\000c\000i\000e\000s\000\040\000t\000\350\000c\000n\000i\000q\000u\000e\000s\000\040\000d\000e\000l\000\040\000p\000r\000o\000j\000e\000c\000t\000e}{section.27}% 14
\BOOKMARK [2][-]{subsection.29}{\376\377\000C\000o\000n\000e\000i\000x\000e\000m\000e\000n\000t\000s\000\040\000A\000p\000l\000i\000c\000a\000t\000s}{section.27}% 15
\BOOKMARK [0][-]{chapter.30}{\376\377\000P\000l\000a\000n\000i\000f\000i\000c\000a\000c\000i\000\363\000\040\000t\000e\000m\000p\000o\000r\000a\000l}{}% 16
\BOOKMARK [1][-]{section.31}{\376\377\000D\000e\000s\000c\000r\000i\000p\000c\000i\000\363\000\040\000d\000e\000\040\000l\000e\000s\000\040\000t\000a\000s\000q\000u\000e\000s}{chapter.30}% 17
\BOOKMARK [1][-]{section.32}{\376\377\000D\000i\000a\000g\000r\000a\000m\000a\000\040\000d\000e\000\040\000G\000a\000n\000t\000t}{chapter.30}% 18
\BOOKMARK [1][-]{section.35}{\376\377\000R\000e\000c\000u\000r\000s\000o\000s\000\040\000h\000u\000m\000a\000n\000s}{chapter.30}% 19
\BOOKMARK [1][-]{section.36}{\376\377\000R\000e\000c\000u\000r\000s\000o\000s\000\040\000t\000\350\000c\000n\000i\000c\000s}{chapter.30}% 20
\BOOKMARK [1][-]{section.38}{\376\377\000V\000a\000l\000o\000r\000a\000c\000i\000\363\000\040\000d\000'\000a\000l\000t\000e\000r\000n\000a\000t\000i\000v\000e\000s\000\040\000i\000\040\000p\000l\000a\000\040\000d\000'\000a\000c\000c\000i\000\363}{chapter.30}% 21
\BOOKMARK [0][-]{chapter.39}{\376\377\000G\000e\000s\000t\000i\000\363\000\040\000E\000c\000o\000n\000\362\000m\000i\000c\000a}{}% 22
\BOOKMARK [1][-]{section.40}{\376\377\000I\000d\000e\000n\000t\000i\000f\000i\000c\000a\000c\000i\000\363\000\040\000i\000\040\000e\000s\000t\000i\000m\000a\000c\000i\000\363\000\040\000d\000e\000l\000s\000\040\000c\000o\000s\000t\000o\000s}{chapter.39}% 23
\BOOKMARK [1][-]{section.48}{\376\377\000C\000o\000n\000t\000r\000o\000l\000\040\000d\000e\000\040\000g\000e\000s\000t\000i\000\363}{chapter.39}% 24
\BOOKMARK [0][-]{chapter.51}{\376\377\000A\000n\000\340\000l\000i\000s\000i\000\040\000I\000n\000i\000c\000i\000a\000l}{}% 25
\BOOKMARK [1][-]{section.52}{\376\377\000E\000s\000t\000u\000d\000i\000\040\000d\000e\000\040\000v\000i\000a\000b\000i\000l\000i\000t\000a\000t}{chapter.51}% 26
\BOOKMARK [2][-]{subsection.53}{\376\377\000A\000n\000\340\000l\000i\000s\000i\000\040\000d\000e\000\040\000l\000e\000s\000\040\000p\000a\000r\000t\000s\000\040\000i\000n\000t\000e\000r\000e\000s\000s\000a\000d\000e\000s}{section.52}% 27
\BOOKMARK [2][-]{subsection.54}{\376\377\000L\000i\000m\000i\000t\000a\000c\000i\000o\000n\000s\000\040\000l\000e\000g\000a\000l\000s\000\040\000i\000m\000p\000l\000i\000c\000a\000d\000e\000s}{section.52}% 28
\BOOKMARK [1][-]{section.55}{\376\377\000A\000n\000\340\000l\000i\000s\000i\000\040\000d\000e\000\040\000r\000i\000s\000c\000s}{chapter.51}% 29
\BOOKMARK [2][-]{subsection.56}{\376\377\000E\000s\000t\000r\000a\000t\000\350\000g\000i\000e\000s\000\040\000d\000e\000\040\000p\000r\000e\000v\000e\000n\000c\000i\000\363}{section.55}% 30
\BOOKMARK [2][-]{subsection.57}{\376\377\000P\000l\000a\000n\000s\000\040\000p\000e\000r\000\040\000a\000f\000r\000o\000n\000t\000a\000r\000\040\000o\000b\000s\000t\000a\000c\000l\000e\000s}{section.55}% 31
\BOOKMARK [1][-]{section.58}{\376\377\000V\000i\000s\000i\000\363\000\040\000g\000l\000o\000b\000a\000l\000\040\000d\000e\000\040\000l\000e\000s\000\040\000f\000u\000n\000c\000i\000o\000n\000a\000l\000i\000t\000a\000t\000s\000\040\000d\000e\000l\000\040\000s\000i\000s\000t\000e\000m\000a}{chapter.51}% 32
\BOOKMARK [1][-]{section.59}{\376\377\000A\000n\000\340\000l\000i\000s\000i\000\040\000d\000e\000\040\000l\000e\000s\000\040\000t\000e\000c\000n\000o\000l\000o\000g\000i\000e\000s\000\040\000c\000a\000n\000d\000i\000d\000a\000t\000e\000s}{chapter.51}% 33
\BOOKMARK [2][-]{subsection.60}{\376\377\000P\000l\000a\000t\000a\000f\000o\000r\000m\000a}{section.59}% 34
\BOOKMARK [2][-]{subsection.61}{\376\377\000S\000e\000r\000v\000e\000i\000s\000\040\000e\000x\000t\000e\000r\000n\000s}{section.59}% 35
\BOOKMARK [2][-]{subsection.62}{\376\377\000B\000a\000s\000e\000\040\000d\000e\000\040\000d\000a\000d\000e\000s}{section.59}% 36
\BOOKMARK [1][-]{section.63}{\376\377\000C\000o\000n\000c\000l\000u\000s\000i\000o\000n\000s\000\040\000d\000e\000\040\000l\000'\000a\000n\000\340\000l\000i\000s\000i\000\040\000i\000n\000i\000c\000i\000a\000l}{chapter.51}% 37
\BOOKMARK [0][-]{chapter.64}{\376\377\000R\000e\000q\000u\000i\000s\000i\000t\000s}{}% 38
\BOOKMARK [1][-]{section.65}{\376\377\000P\000r\000o\000p\000i\000e\000t\000a\000t\000s\000\040\000i\000\040\000h\000i\000p\000\362\000t\000e\000s\000i\000s\000\040\000s\000o\000b\000r\000e\000\040\000e\000l\000\040\000d\000o\000m\000i\000n\000i}{chapter.64}% 39
\BOOKMARK [1][-]{section.66}{\376\377\000R\000e\000s\000t\000r\000i\000c\000c\000i\000o\000n\000s}{chapter.64}% 40
\BOOKMARK [1][-]{section.67}{\376\377\000D\000i\000a\000g\000r\000a\000m\000a\000\040\000d\000e\000\040\000c\000a\000s\000o\000s\000\040\000d\000'\000\372\000s}{chapter.64}% 41
\BOOKMARK [1][-]{section.69}{\376\377\000C\000a\000s\000o\000s\000\040\000d\000\372\000s}{chapter.64}% 42
\BOOKMARK [1][-]{section.94}{\376\377\000R\000e\000q\000u\000i\000s\000i\000t\000s\000\040\000n\000o\000\040\000f\000u\000n\000c\000i\000o\000n\000a\000l\000s}{chapter.64}% 43
\BOOKMARK [2][-]{subsection.95}{\376\377\000R\000e\000q\000u\000i\000s\000i\000t\000s\000\040\000d\000e\000\040\000d\000i\000s\000s\000e\000n\000y}{section.94}% 44
\BOOKMARK [2][-]{subsection.98}{\376\377\000R\000e\000q\000u\000i\000s\000i\000t\000s\000\040\000d\000e\000\040\000p\000e\000r\000c\000e\000p\000c\000i\000\363}{section.94}% 45
\BOOKMARK [2][-]{subsection.101}{\376\377\000R\000e\000q\000u\000i\000s\000i\000t\000\040\000d\000'\000u\000s\000a\000b\000i\000l\000i\000t\000a\000t}{section.94}% 46
\BOOKMARK [2][-]{subsection.106}{\376\377\000R\000e\000q\000u\000i\000s\000i\000t\000s\000\040\000d\000e\000\040\000r\000e\000n\000d\000i\000m\000e\000n\000t}{section.94}% 47
\BOOKMARK [2][-]{subsection.109}{\376\377\000R\000e\000q\000u\000i\000s\000i\000t\000s\000\040\000d\000e\000\040\000f\000u\000n\000c\000i\000o\000n\000a\000m\000e\000n\000t\000\040\000i\000\040\000a\000m\000b\000i\000e\000n\000t\000a\000l\000s}{section.94}% 48
\BOOKMARK [2][-]{subsection.114}{\376\377\000R\000e\000q\000u\000i\000s\000i\000t\000s\000\040\000d\000e\000\040\000m\000a\000n\000t\000e\000n\000i\000m\000e\000n\000t\000\040\000i\000\040\000s\000u\000p\000o\000r\000t}{section.94}% 49
\BOOKMARK [2][-]{subsection.116}{\376\377\000R\000e\000q\000u\000i\000s\000i\000t\000s\000\040\000d\000e\000\040\000s\000e\000g\000u\000r\000e\000t\000a\000t}{section.94}% 50
\BOOKMARK [2][-]{subsection.118}{\376\377\000R\000e\000q\000u\000i\000s\000i\000t\000s\000\040\000l\000e\000g\000a\000l\000s}{section.94}% 51
\BOOKMARK [0][-]{chapter.120}{\376\377\000E\000s\000p\000e\000c\000i\000f\000i\000c\000a\000c\000i\000\363}{}% 52
\BOOKMARK [1][-]{section.121}{\376\377\000E\000s\000q\000u\000e\000m\000a\000\040\000c\000o\000n\000c\000e\000p\000t\000u\000a\000l}{chapter.120}% 53
\BOOKMARK [2][-]{subsection.123}{\376\377\000R\000e\000s\000t\000r\000i\000c\000i\000o\000n\000s\000\040\000t\000e\000x\000t\000u\000a\000l\000s}{section.121}% 54
\BOOKMARK [2][-]{subsection.124}{\376\377\000D\000e\000s\000c\000r\000i\000p\000c\000i\000\363\000\040\000d\000e\000\040\000l\000e\000s\000\040\000e\000n\000t\000i\000t\000a\000t\000s}{section.121}% 55
\BOOKMARK [1][-]{section.134}{\376\377\000E\000s\000q\000u\000e\000m\000a\000\040\000d\000e\000l\000\040\000c\000o\000m\000p\000o\000r\000t\000a\000m\000e\000n\000t}{chapter.120}% 56
\BOOKMARK [0][-]{chapter.179}{\376\377\000D\000i\000s\000s\000e\000n\000y}{}% 57
\BOOKMARK [1][-]{section.180}{\376\377\000A\000r\000q\000u\000i\000t\000e\000c\000t\000u\000r\000a}{chapter.179}% 58
\BOOKMARK [2][-]{subsection.185}{\376\377\000P\000a\000t\000r\000o\000n\000s\000\040\000d\000e\000\040\000d\000i\000s\000s\000e\000n\000y}{section.180}% 59
\BOOKMARK [2][-]{subsection.190}{\376\377\000T\000e\000c\000n\000o\000l\000o\000g\000i\000e\000s\000\040\000u\000t\000i\000l\000i\000t\000z\000a\000d\000e\000s}{section.180}% 60
\BOOKMARK [1][-]{section.191}{\376\377\000C\000a\000p\000a\000\040\000d\000e\000\040\000p\000r\000e\000s\000e\000n\000t\000a\000c\000i\000\363}{chapter.179}% 61
\BOOKMARK [1][-]{section.208}{\376\377\000D\000i\000a\000g\000r\000a\000m\000a\000\040\000d\000e\000\040\000c\000l\000a\000s\000s\000e\000s\000\040\000d\000e\000\040\000d\000i\000s\000s\000e\000n\000y}{chapter.179}% 62
\BOOKMARK [1][-]{section.210}{\376\377\000M\000o\000d\000e\000l\000\040\000d\000e\000\040\000d\000a\000d\000e\000s}{chapter.179}% 63
\BOOKMARK [1][-]{section.214}{\376\377\000D\000i\000a\000g\000r\000a\000m\000e\000s\000\040\000d\000e\000\040\000s\000e\000q\000\374\000\350\000n\000c\000i\000a}{chapter.179}% 64
\BOOKMARK [0][-]{chapter.219}{\376\377\000I\000m\000p\000l\000e\000m\000e\000n\000t\000a\000c\000i\000\363}{}% 65
\BOOKMARK [0][-]{chapter.231}{\376\377\000P\000r\000o\000v\000e\000s}{}% 66
\BOOKMARK [1][-]{section.232}{\376\377\000P\000r\000o\000v\000e\000s\000\040\000d\000e\000\040\000d\000e\000s\000e\000n\000v\000o\000l\000u\000p\000a\000m\000e\000n\000t}{chapter.231}% 67
\BOOKMARK [1][-]{section.256}{\376\377\000P\000r\000o\000v\000e\000s\000\040\000f\000i\000n\000a\000l\000s}{chapter.231}% 68
\BOOKMARK [0][-]{chapter.257}{\376\377\000I\000n\000f\000o\000r\000m\000e\000\040\000d\000e\000\040\000s\000o\000s\000t\000e\000n\000i\000b\000i\000l\000i\000t\000a\000t}{}% 69
\BOOKMARK [1][-]{section.259}{\376\377\000D\000i\000m\000e\000n\000s\000i\000\363\000\040\000e\000c\000o\000n\000\362\000m\000i\000c\000a}{chapter.257}% 70
\BOOKMARK [1][-]{section.260}{\376\377\000D\000i\000m\000e\000n\000s\000i\000\363\000\040\000s\000o\000c\000i\000a\000l}{chapter.257}% 71
\BOOKMARK [1][-]{section.261}{\376\377\000D\000i\000m\000e\000n\000s\000i\000\363\000\040\000a\000m\000b\000i\000e\000n\000t\000a\000l}{chapter.257}% 72
\BOOKMARK [0][-]{chapter.262}{\376\377\000C\000o\000n\000c\000l\000u\000s\000i\000o\000n\000s}{}% 73
\BOOKMARK [1][-]{section.263}{\376\377\000J\000u\000s\000t\000i\000f\000i\000c\000a\000c\000i\000\363\000\040\000d\000e\000l\000\040\000d\000e\000s\000e\000n\000v\000o\000l\000u\000p\000a\000m\000e\000n\000t\000\040\000d\000e\000\040\000l\000e\000s\000\040\000c\000o\000m\000p\000e\000t\000\350\000n\000c\000i\000e\000s\000\040\000t\000\350\000c\000n\000i\000q\000u\000e\000s}{chapter.262}% 74
\BOOKMARK [1][-]{section.264}{\376\377\000D\000e\000s\000v\000i\000a\000c\000i\000o\000n\000s\000\040\000e\000n\000\040\000l\000a\000\040\000p\000l\000a\000n\000i\000f\000i\000c\000a\000c\000i\000\363\000\040\000i\000\040\000e\000l\000\040\000p\000r\000e\000s\000s\000u\000p\000o\000s\000t}{chapter.262}% 75
\BOOKMARK [1][-]{section.267}{\376\377\000G\000a\000n\000t\000t\000\040\000f\000i\000n\000a\000l}{chapter.262}% 76
\BOOKMARK [1][-]{section.270}{\376\377\000L\000i\000m\000i\000t\000a\000c\000i\000o\000n\000s\000\040\000i\000\040\000d\000i\000f\000i\000c\000u\000l\000t\000a\000t\000s}{chapter.262}% 77
\BOOKMARK [1][-]{section.271}{\376\377\000T\000r\000e\000b\000a\000l\000l\000\040\000f\000u\000t\000u\000r}{chapter.262}% 78
